<?xml version="1.0" encoding="UTF-8"?>
<testsuite name="com.example.demo.DemoApplicationTests" tests="1" skipped="0" failures="0" errors="0" timestamp="2025-01-23T11:30:19" hostname="kcna" time="1.648">
  <properties/>
  <testcase name="contextLoads()" classname="com.example.demo.DemoApplicationTests" time="1.648"/>
  <system-out><![CDATA[17:00:15.189 [Test worker] INFO org.springframework.test.context.support.AnnotationConfigContextLoaderUtils -- Could not detect default configuration classes for test class [com.example.demo.DemoApplicationTests]: DemoApplicationTests does not declare any static, non-private, non-final, nested classes annotated with @Configuration.
17:00:15.505 [Test worker] INFO org.springframework.boot.test.context.SpringBootTestContextBootstrapper -- Found @SpringBootConfiguration com.example.demo.DemoApplication for test class com.example.demo.DemoApplicationTests

  .   ____          _            __ _ _
 /\\ / ___'_ __ _ _(_)_ __  __ _ \ \ \ \
( ( )\___ | '_ | '_| | '_ \/ _` | \ \ \ \
 \\/  ___)| |_)| | | | | || (_| |  ) ) ) )
  '  |____| .__|_| |_|_| |_\__, | / / / /
 =========|_|==============|___/=/_/_/_/

 :: Spring Boot ::                (v3.4.1)

2025-01-23T17:00:16.466+05:30  INFO 8708 --- [Bootstrap Spring Boot] [    Test worker] com.example.demo.DemoApplicationTests    : Starting DemoApplicationTests using Java 17.0.13 with PID 8708 (started by root in /AzureDevOps)
2025-01-23T17:00:16.469+05:30  INFO 8708 --- [Bootstrap Spring Boot] [    Test worker] com.example.demo.DemoApplicationTests    : No active profile set, falling back to 1 default profile: "default"
2025-01-23T17:00:19.691+05:30  INFO 8708 --- [Bootstrap Spring Boot] [    Test worker] com.example.demo.DemoApplicationTests    : Started DemoApplicationTests in 3.834 seconds (process running for 7.221)
]]></system-out>
  <system-err><![CDATA[]]></system-err>
</testsuite>
